<?xml version="1.0" encoding="UTF-8" ?>
<testsuite failures="1" time="12.622" errors="0" skipped="0" tests="4" name="de.spinscale.dropwizard.jobs.JobManagerTest">
  <properties>
    <property name="java.runtime.name" value="Java(TM) SE Runtime Environment"/>
    <property name="sun.boot.library.path" value="C:\Program Files\Java\jdk1.7.0_25\jre\bin"/>
    <property name="java.vm.version" value="23.25-b01"/>
    <property name="java.vm.vendor" value="Oracle Corporation"/>
    <property name="java.vendor.url" value="http://java.oracle.com/"/>
    <property name="path.separator" value=";"/>
    <property name="guice.disable.misplaced.annotation.check" value="true"/>
    <property name="java.vm.name" value="Java HotSpot(TM) Client VM"/>
    <property name="file.encoding.pkg" value="sun.io"/>
    <property name="user.script" value=""/>
    <property name="user.country" value="IN"/>
    <property name="sun.java.launcher" value="SUN_STANDARD"/>
    <property name="sun.os.patch.level" value="Service Pack 1"/>
    <property name="java.vm.specification.name" value="Java Virtual Machine Specification"/>
    <property name="user.dir" value="C:\273\Workspace1\cmpe273\cmpe273-assignment2-master\lib\dropwizard-jobs"/>
    <property name="java.runtime.version" value="1.7.0_25-b17"/>
    <property name="java.awt.graphicsenv" value="sun.awt.Win32GraphicsEnvironment"/>
    <property name="java.endorsed.dirs" value="C:\Program Files\Java\jdk1.7.0_25\jre\lib\endorsed"/>
    <property name="os.arch" value="x86"/>
    <property name="java.io.tmpdir" value="C:\Users\Poojitha\AppData\Local\Temp\"/>
    <property name="line.separator" value="
"/>
    <property name="java.vm.specification.vendor" value="Oracle Corporation"/>
    <property name="user.variant" value=""/>
    <property name="os.name" value="Windows 7"/>
    <property name="classworlds.conf" value="C:\273\Workspace1\Assignment2\.metadata\.plugins\org.eclipse.m2e.launching\launches\m2conf6994592979791735548.tmp"/>
    <property name="sun.jnu.encoding" value="Cp1252"/>
    <property name="java.library.path" value="C:\Program Files\Java\jdk1.7.0_25\bin;C:\Windows\Sun\Java\bin;C:\Windows\system32;C:\Windows;C:\Windows\system32;C:\Windows;C:\Windows\System32\Wbem;C:\Windows\System32\WindowsPowerShell\v1.0\;C:\Program Files\Broadcom\Broadcom 802.11\Driver;C:\Program Files\WIDCOMM\Bluetooth Software\;c:\Program Files\Microsoft SQL Server\90\Tools\binn\;C:\Program Files\Java\jdk1.6.0_23\bin;C:\Program Files\Maven\apache-maven-3.1.1\bin;C:\Program Files\Java\jdk1.7.0_25\bin;C:\Program Files\Maven\apache-maven-3.1.1\bin;."/>
    <property name="java.specification.name" value="Java Platform API Specification"/>
    <property name="java.class.version" value="51.0"/>
    <property name="sun.management.compiler" value="HotSpot Client Compiler"/>
    <property name="os.version" value="6.1"/>
    <property name="user.home" value="C:\Users\Poojitha"/>
    <property name="user.timezone" value="America/Los_Angeles"/>
    <property name="java.awt.printerjob" value="sun.awt.windows.WPrinterJob"/>
    <property name="java.specification.version" value="1.7"/>
    <property name="file.encoding" value="Cp1252"/>
    <property name="user.name" value="Poojitha"/>
    <property name="java.class.path" value="/C:/Program Files/springsource/sts-3.3.0.RELEASE/configuration/org.eclipse.osgi/bundles/572/1/.cp/jars/plexus-classworlds-2.4.jar"/>
    <property name="java.vm.specification.version" value="1.7"/>
    <property name="sun.arch.data.model" value="32"/>
    <property name="java.home" value="C:\Program Files\Java\jdk1.7.0_25\jre"/>
    <property name="sun.java.command" value="org.codehaus.plexus.classworlds.launcher.Launcher -B install"/>
    <property name="java.specification.vendor" value="Oracle Corporation"/>
    <property name="user.language" value="en"/>
    <property name="awt.toolkit" value="sun.awt.windows.WToolkit"/>
    <property name="java.vm.info" value="mixed mode, sharing"/>
    <property name="java.version" value="1.7.0_25"/>
    <property name="java.ext.dirs" value="C:\Program Files\Java\jdk1.7.0_25\jre\lib\ext;C:\Windows\Sun\Java\lib\ext"/>
    <property name="sun.boot.class.path" value="C:\Program Files\Java\jdk1.7.0_25\jre\lib\resources.jar;C:\Program Files\Java\jdk1.7.0_25\jre\lib\rt.jar;C:\Program Files\Java\jdk1.7.0_25\jre\lib\sunrsasign.jar;C:\Program Files\Java\jdk1.7.0_25\jre\lib\jsse.jar;C:\Program Files\Java\jdk1.7.0_25\jre\lib\jce.jar;C:\Program Files\Java\jdk1.7.0_25\jre\lib\charsets.jar;C:\Program Files\Java\jdk1.7.0_25\jre\lib\jfr.jar;C:\Program Files\Java\jdk1.7.0_25\jre\classes"/>
    <property name="java.vendor" value="Oracle Corporation"/>
    <property name="maven.home" value="C:\273\Workspace1\cmpe273\cmpe273-assignment2-master\lib\dropwizard-jobs\EMBEDDED"/>
    <property name="file.separator" value="\"/>
    <property name="java.vendor.url.bug" value="http://bugreport.sun.com/bugreport/"/>
    <property name="maven.bootclasspath" value="/C:/Program Files/springsource/sts-3.3.0.RELEASE/configuration/org.eclipse.osgi/bundles/572/1/.cp/jars/plexus-classworlds-2.4.jar"/>
    <property name="sun.cpu.endian" value="little"/>
    <property name="sun.io.unicode.encoding" value="UnicodeLittle"/>
    <property name="sun.desktop" value="windows"/>
    <property name="sun.cpu.isalist" value="pentium_pro+mmx pentium_pro pentium+mmx pentium i486 i386 i86"/>
  </properties>
  <testcase time="5.289" classname="de.spinscale.dropwizard.jobs.JobManagerTest" name="jobsWithEveryAnnotationShouldBeExecuted"/>
  <testcase time="1.047" classname="de.spinscale.dropwizard.jobs.JobManagerTest" name="jobsOnStartupShouldBeExecuted">
    <failure message="
Expected: a collection with size &lt;1&gt;
     but: collection size was &lt;2&gt;" type="java.lang.AssertionError">java.lang.AssertionError: 
Expected: a collection with size &lt;1&gt;
     but: collection size was &lt;2&gt;
	at org.hamcrest.MatcherAssert.assertThat(MatcherAssert.java:20)
	at org.hamcrest.MatcherAssert.assertThat(MatcherAssert.java:8)
	at de.spinscale.dropwizard.jobs.JobManagerTest.jobsOnStartupShouldBeExecuted(JobManagerTest.java:17)
	at sun.reflect.NativeMethodAccessorImpl.invoke0(Native Method)
	at sun.reflect.NativeMethodAccessorImpl.invoke(NativeMethodAccessorImpl.java:57)
	at sun.reflect.DelegatingMethodAccessorImpl.invoke(DelegatingMethodAccessorImpl.java:43)
	at java.lang.reflect.Method.invoke(Method.java:606)
	at org.junit.runners.model.FrameworkMethod$1.runReflectiveCall(FrameworkMethod.java:45)
	at org.junit.internal.runners.model.ReflectiveCallable.run(ReflectiveCallable.java:15)
	at org.junit.runners.model.FrameworkMethod.invokeExplosively(FrameworkMethod.java:42)
	at org.junit.internal.runners.statements.InvokeMethod.evaluate(InvokeMethod.java:20)
	at org.junit.runners.ParentRunner.runLeaf(ParentRunner.java:263)
	at org.junit.runners.BlockJUnit4ClassRunner.runChild(BlockJUnit4ClassRunner.java:68)
	at org.junit.runners.BlockJUnit4ClassRunner.runChild(BlockJUnit4ClassRunner.java:47)
	at org.junit.runners.ParentRunner$3.run(ParentRunner.java:231)
	at org.junit.runners.ParentRunner$1.schedule(ParentRunner.java:60)
	at org.junit.runners.ParentRunner.runChildren(ParentRunner.java:229)
	at org.junit.runners.ParentRunner.access$000(ParentRunner.java:50)
	at org.junit.runners.ParentRunner$2.evaluate(ParentRunner.java:222)
	at org.junit.runners.ParentRunner.run(ParentRunner.java:300)
	at org.apache.maven.surefire.junit4.JUnit4TestSet.execute(JUnit4TestSet.java:53)
	at org.apache.maven.surefire.junit4.JUnit4Provider.executeTestSet(JUnit4Provider.java:123)
	at org.apache.maven.surefire.junit4.JUnit4Provider.invoke(JUnit4Provider.java:104)
	at sun.reflect.NativeMethodAccessorImpl.invoke0(Native Method)
	at sun.reflect.NativeMethodAccessorImpl.invoke(NativeMethodAccessorImpl.java:57)
	at sun.reflect.DelegatingMethodAccessorImpl.invoke(DelegatingMethodAccessorImpl.java:43)
	at java.lang.reflect.Method.invoke(Method.java:606)
	at org.apache.maven.surefire.util.ReflectionUtils.invokeMethodWithArray(ReflectionUtils.java:164)
	at org.apache.maven.surefire.booter.ProviderFactory$ProviderProxy.invoke(ProviderFactory.java:110)
	at org.apache.maven.surefire.booter.SurefireStarter.invokeProvider(SurefireStarter.java:175)
	at org.apache.maven.surefire.booter.SurefireStarter.runSuitesInProcessWhenForked(SurefireStarter.java:107)
	at org.apache.maven.surefire.booter.ForkedBooter.main(ForkedBooter.java:68)
</failure>
    <system-out>16:50:55.139 [main] DEBUG org.reflections.Reflections - going to scan these urls:
	file:/C:/273/Workspace1/cmpe273/cmpe273-assignment2-master/lib/dropwizard-jobs/target/classes/
	file:/C:/273/Workspace1/cmpe273/cmpe273-assignment2-master/lib/dropwizard-jobs/target/test-classes/

16:50:55.184 [main] INFO  org.reflections.Reflections - Reflections took 43 ms to scan 2 urls, producing 11 keys and 23 values 
16:50:55.187 [main] INFO  org.quartz.core.QuartzScheduler - Scheduler DefaultQuartzScheduler_$_NON_CLUSTERED started.
16:50:55.188 [main] INFO  d.s.dropwizard.jobs.JobManager - Jobs to run on application start: [class de.spinscale.dropwizard.jobs.ApplicationStartTestJob]
16:50:55.189 [DefaultQuartzScheduler_QuartzSchedulerThread] DEBUG o.quartz.core.QuartzSchedulerThread - batch acquisition of 1 triggers
16:50:55.189 [DefaultQuartzScheduler_QuartzSchedulerThread] DEBUG o.q.simpl.PropertySettingJobFactory - Producing instance of Job &apos;DEFAULT.6da64b5bd2ee-8afb287c-35ca-4e98-ae15-f6fd16da5e57&apos;, class=de.spinscale.dropwizard.jobs.ApplicationStartTestJob
16:50:55.190 [DefaultQuartzScheduler_QuartzSchedulerThread] DEBUG o.quartz.core.QuartzSchedulerThread - batch acquisition of 1 triggers
16:50:55.190 [DefaultQuartzScheduler_Worker-4] DEBUG org.quartz.core.JobRunShell - Calling execute on job DEFAULT.6da64b5bd2ee-8afb287c-35ca-4e98-ae15-f6fd16da5e57
16:50:55.190 [main] INFO  d.s.dropwizard.jobs.JobManager - Jobs with @Every annotation: [class de.spinscale.dropwizard.jobs.EveryTestJob]
16:50:55.192 [main] INFO  d.s.dropwizard.jobs.JobManager - Jobs with @On annotation: [class de.spinscale.dropwizard.jobs.OnTestJob]
16:50:55.192 [DefaultQuartzScheduler_QuartzSchedulerThread] DEBUG o.quartz.core.QuartzSchedulerThread - batch acquisition of 1 triggers
16:50:55.193 [DefaultQuartzScheduler_QuartzSchedulerThread] DEBUG o.q.simpl.PropertySettingJobFactory - Producing instance of Job &apos;DEFAULT.6da64b5bd2ee-65f3bcfa-7a78-47e9-be4f-3fddec2ff91b&apos;, class=de.spinscale.dropwizard.jobs.EveryTestJob
16:50:55.193 [DefaultQuartzScheduler_Worker-5] DEBUG org.quartz.core.JobRunShell - Calling execute on job DEFAULT.6da64b5bd2ee-65f3bcfa-7a78-47e9-be4f-3fddec2ff91b
16:50:55.194 [DefaultQuartzScheduler_QuartzSchedulerThread] DEBUG o.quartz.core.QuartzSchedulerThread - batch acquisition of 1 triggers
16:50:55.195 [DefaultQuartzScheduler_QuartzSchedulerThread] DEBUG o.quartz.core.QuartzSchedulerThread - batch acquisition of 1 triggers
16:50:55.196 [DefaultQuartzScheduler_QuartzSchedulerThread] DEBUG o.q.simpl.PropertySettingJobFactory - Producing instance of Job &apos;DEFAULT.6da64b5bd2ee-0ef70a8b-fee7-4d22-8adc-5e43de181a77&apos;, class=de.spinscale.dropwizard.jobs.OnTestJob
16:50:55.196 [DefaultQuartzScheduler_Worker-6] DEBUG org.quartz.core.JobRunShell - Calling execute on job DEFAULT.6da64b5bd2ee-0ef70a8b-fee7-4d22-8adc-5e43de181a77
16:50:55.196 [DefaultQuartzScheduler_QuartzSchedulerThread] DEBUG o.quartz.core.QuartzSchedulerThread - batch acquisition of 1 triggers
16:50:56.001 [DefaultQuartzScheduler_QuartzSchedulerThread] DEBUG o.q.simpl.PropertySettingJobFactory - Producing instance of Job &apos;DEFAULT.6da64b5bd2ee-9d79570f-b296-4d11-81c2-36e74a014d02&apos;, class=de.spinscale.dropwizard.jobs.OnTestJob
16:50:56.001 [DefaultQuartzScheduler_Worker-7] DEBUG org.quartz.core.JobRunShell - Calling execute on job DEFAULT.6da64b5bd2ee-9d79570f-b296-4d11-81c2-36e74a014d02
16:50:56.002 [DefaultQuartzScheduler_QuartzSchedulerThread] DEBUG o.quartz.core.QuartzSchedulerThread - batch acquisition of 1 triggers
16:50:56.003 [DefaultQuartzScheduler_QuartzSchedulerThread] DEBUG o.q.simpl.PropertySettingJobFactory - Producing instance of Job &apos;DEFAULT.6da64b5bd2ee-0ef70a8b-fee7-4d22-8adc-5e43de181a77&apos;, class=de.spinscale.dropwizard.jobs.OnTestJob
16:50:56.003 [DefaultQuartzScheduler_Worker-8] DEBUG org.quartz.core.JobRunShell - Calling execute on job DEFAULT.6da64b5bd2ee-0ef70a8b-fee7-4d22-8adc-5e43de181a77
16:50:56.003 [DefaultQuartzScheduler_QuartzSchedulerThread] DEBUG o.quartz.core.QuartzSchedulerThread - batch acquisition of 1 triggers
16:50:56.089 [DefaultQuartzScheduler_QuartzSchedulerThread] DEBUG o.q.simpl.PropertySettingJobFactory - Producing instance of Job &apos;DEFAULT.6da64b5bd2ee-8b10640b-5d96-45eb-bb51-0881e20fa70b&apos;, class=de.spinscale.dropwizard.jobs.EveryTestJob
16:50:56.089 [DefaultQuartzScheduler_Worker-9] DEBUG org.quartz.core.JobRunShell - Calling execute on job DEFAULT.6da64b5bd2ee-8b10640b-5d96-45eb-bb51-0881e20fa70b
16:50:56.090 [DefaultQuartzScheduler_QuartzSchedulerThread] DEBUG o.quartz.core.QuartzSchedulerThread - batch acquisition of 1 triggers
16:50:56.191 [DefaultQuartzScheduler_QuartzSchedulerThread] DEBUG o.q.simpl.PropertySettingJobFactory - Producing instance of Job &apos;DEFAULT.6da64b5bd2ee-65f3bcfa-7a78-47e9-be4f-3fddec2ff91b&apos;, class=de.spinscale.dropwizard.jobs.EveryTestJob
16:50:56.192 [DefaultQuartzScheduler_Worker-10] DEBUG org.quartz.core.JobRunShell - Calling execute on job DEFAULT.6da64b5bd2ee-65f3bcfa-7a78-47e9-be4f-3fddec2ff91b
16:50:56.207 [DefaultQuartzScheduler_QuartzSchedulerThread] DEBUG o.quartz.core.QuartzSchedulerThread - batch acquisition of 1 triggers
</system-out>
  </testcase>
  <testcase time="0.534" classname="de.spinscale.dropwizard.jobs.JobManagerTest" name="jobsOnStoppingShouldBeExecuted"/>
  <testcase time="5.021" classname="de.spinscale.dropwizard.jobs.JobManagerTest" name="jobsWithOnAnnotationShouldBeExecuted"/>
</testsuite>