<?xml version="1.0" encoding="UTF-8" ?>
<testsuite failures="1" time="12.622" errors="0" skipped="0" tests="4" name="de.spinscale.dropwizard.jobs.JobManagerTest">
  <properties>
[...]
</properties>
  <testcase time="5.289" classname="de.spinscale.dropwizard.jobs.JobManagerTest" name="jobsWithEveryAnnotationShouldBeExecuted"/>
  <testcase time="1.047" classname="de.spinscale.dropwizard.jobs.JobManagerTest" name="jobsOnStartupShouldBeExecuted">
    <failure message="
Expected: a collection with size &lt;1&gt;
     but: collection size was &lt;2&gt;" type="java.lang.AssertionError">java.lang.AssertionError: 
Expected: a collection with size &lt;1&gt;
     but: collection size was &lt;2&gt;
	at org.hamcrest.MatcherAssert.assertThat(MatcherAssert.java:20)
	at org.hamcrest.MatcherAssert.assertThat(MatcherAssert.java:8)
	at de.spinscale.dropwizard.jobs.JobManagerTest.jobsOnStartupShouldBeExecuted(JobManagerTest.java:17)
	at sun.reflect.NativeMethodAccessorImpl.invoke0(Native Method)
	at sun.reflect.NativeMethodAccessorImpl.invoke(NativeMethodAccessorImpl.java:57)
	at sun.reflect.DelegatingMethodAccessorImpl.invoke(DelegatingMethodAccessorImpl.java:43)
	at java.lang.reflect.Method.invoke(Method.java:606)
	at org.junit.runners.model.FrameworkMethod$1.runReflectiveCall(FrameworkMethod.java:45)
	at org.junit.internal.runners.model.ReflectiveCallable.run(ReflectiveCallable.java:15)
	at org.junit.runners.model.FrameworkMethod.invokeExplosively(FrameworkMethod.java:42)
	at org.junit.internal.runners.statements.InvokeMethod.evaluate(InvokeMethod.java:20)
	at org.junit.runners.ParentRunner.runLeaf(ParentRunner.java:263)
	at org.junit.runners.BlockJUnit4ClassRunner.runChild(BlockJUnit4ClassRunner.java:68)
	at org.junit.runners.BlockJUnit4ClassRunner.runChild(BlockJUnit4ClassRunner.java:47)
	at org.junit.runners.ParentRunner$3.run(ParentRunner.java:231)
	at org.junit.runners.ParentRunner$1.schedule(ParentRunner.java:60)
	at org.junit.runners.ParentRunner.runChildren(ParentRunner.java:229)
	at org.junit.runners.ParentRunner.access$000(ParentRunner.java:50)
	at org.junit.runners.ParentRunner$2.evaluate(ParentRunner.java:222)
	at org.junit.runners.ParentRunner.run(ParentRunner.java:300)
	at org.apache.maven.surefire.junit4.JUnit4TestSet.execute(JUnit4TestSet.java:53)
	at org.apache.maven.surefire.junit4.JUnit4Provider.executeTestSet(JUnit4Provider.java:123)
	at org.apache.maven.surefire.junit4.JUnit4Provider.invoke(JUnit4Provider.java:104)
	at sun.reflect.NativeMethodAccessorImpl.invoke0(Native Method)
	at sun.reflect.NativeMethodAccessorImpl.invoke(NativeMethodAccessorImpl.java:57)
	at sun.reflect.DelegatingMethodAccessorImpl.invoke(DelegatingMethodAccessorImpl.java:43)
	at java.lang.reflect.Method.invoke(Method.java:606)
	at org.apache.maven.surefire.util.ReflectionUtils.invokeMethodWithArray(ReflectionUtils.java:164)
	at org.apache.maven.surefire.booter.ProviderFactory$ProviderProxy.invoke(ProviderFactory.java:110)
	at org.apache.maven.surefire.booter.SurefireStarter.invokeProvider(SurefireStarter.java:175)
	at org.apache.maven.surefire.booter.SurefireStarter.runSuitesInProcessWhenForked(SurefireStarter.java:107)
	at org.apache.maven.surefire.booter.ForkedBooter.main(ForkedBooter.java:68)
</failure>
    <system-out>16:50:55.139 [main] DEBUG org.reflections.Reflections - going to scan these urls:
	file:/C:/273/Workspace1/cmpe273/cmpe273-assignment2-master/lib/dropwizard-jobs/target/classes/
	file:/C:/273/Workspace1/cmpe273/cmpe273-assignment2-master/lib/dropwizard-jobs/target/test-classes/

16:50:55.184 [main] INFO  org.reflections.Reflections - Reflections took 43 ms to scan 2 urls, producing 11 keys and 23 values 
16:50:55.187 [main] INFO  org.quartz.core.QuartzScheduler - Scheduler DefaultQuartzScheduler_$_NON_CLUSTERED started.
16:50:55.188 [main] INFO  d.s.dropwizard.jobs.JobManager - Jobs to run on application start: [class de.spinscale.dropwizard.jobs.ApplicationStartTestJob]
16:50:55.189 [DefaultQuartzScheduler_QuartzSchedulerThread] DEBUG o.quartz.core.QuartzSchedulerThread - batch acquisition of 1 triggers
16:50:55.189 [DefaultQuartzScheduler_QuartzSchedulerThread] DEBUG o.q.simpl.PropertySettingJobFactory - Producing instance of Job &apos;DEFAULT.6da64b5bd2ee-8afb287c-35ca-4e98-ae15-f6fd16da5e57&apos;, class=de.spinscale.dropwizard.jobs.ApplicationStartTestJob
16:50:55.190 [DefaultQuartzScheduler_QuartzSchedulerThread] DEBUG o.quartz.core.QuartzSchedulerThread - batch acquisition of 1 triggers
16:50:55.190 [DefaultQuartzScheduler_Worker-4] DEBUG org.quartz.core.JobRunShell - Calling execute on job DEFAULT.6da64b5bd2ee-8afb287c-35ca-4e98-ae15-f6fd16da5e57
16:50:55.190 [main] INFO  d.s.dropwizard.jobs.JobManager - Jobs with @Every annotation: [class de.spinscale.dropwizard.jobs.EveryTestJob]
16:50:55.192 [main] INFO  d.s.dropwizard.jobs.JobManager - Jobs with @On annotation: [class de.spinscale.dropwizard.jobs.OnTestJob]
16:50:55.192 [DefaultQuartzScheduler_QuartzSchedulerThread] DEBUG o.quartz.core.QuartzSchedulerThread - batch acquisition of 1 triggers
16:50:55.193 [DefaultQuartzScheduler_QuartzSchedulerThread] DEBUG o.q.simpl.PropertySettingJobFactory - Producing instance of Job &apos;DEFAULT.6da64b5bd2ee-65f3bcfa-7a78-47e9-be4f-3fddec2ff91b&apos;, class=de.spinscale.dropwizard.jobs.EveryTestJob
16:50:55.193 [DefaultQuartzScheduler_Worker-5] DEBUG org.quartz.core.JobRunShell - Calling execute on job DEFAULT.6da64b5bd2ee-65f3bcfa-7a78-47e9-be4f-3fddec2ff91b
16:50:55.194 [DefaultQuartzScheduler_QuartzSchedulerThread] DEBUG o.quartz.core.QuartzSchedulerThread - batch acquisition of 1 triggers
16:50:55.195 [DefaultQuartzScheduler_QuartzSchedulerThread] DEBUG o.quartz.core.QuartzSchedulerThread - batch acquisition of 1 triggers
16:50:55.196 [DefaultQuartzScheduler_QuartzSchedulerThread] DEBUG o.q.simpl.PropertySettingJobFactory - Producing instance of Job &apos;DEFAULT.6da64b5bd2ee-0ef70a8b-fee7-4d22-8adc-5e43de181a77&apos;, class=de.spinscale.dropwizard.jobs.OnTestJob
16:50:55.196 [DefaultQuartzScheduler_Worker-6] DEBUG org.quartz.core.JobRunShell - Calling execute on job DEFAULT.6da64b5bd2ee-0ef70a8b-fee7-4d22-8adc-5e43de181a77
16:50:55.196 [DefaultQuartzScheduler_QuartzSchedulerThread] DEBUG o.quartz.core.QuartzSchedulerThread - batch acquisition of 1 triggers
16:50:56.001 [DefaultQuartzScheduler_QuartzSchedulerThread] DEBUG o.q.simpl.PropertySettingJobFactory - Producing instance of Job &apos;DEFAULT.6da64b5bd2ee-9d79570f-b296-4d11-81c2-36e74a014d02&apos;, class=de.spinscale.dropwizard.jobs.OnTestJob
16:50:56.001 [DefaultQuartzScheduler_Worker-7] DEBUG org.quartz.core.JobRunShell - Calling execute on job DEFAULT.6da64b5bd2ee-9d79570f-b296-4d11-81c2-36e74a014d02
16:50:56.002 [DefaultQuartzScheduler_QuartzSchedulerThread] DEBUG o.quartz.core.QuartzSchedulerThread - batch acquisition of 1 triggers
16:50:56.003 [DefaultQuartzScheduler_QuartzSchedulerThread] DEBUG o.q.simpl.PropertySettingJobFactory - Producing instance of Job &apos;DEFAULT.6da64b5bd2ee-0ef70a8b-fee7-4d22-8adc-5e43de181a77&apos;, class=de.spinscale.dropwizard.jobs.OnTestJob
16:50:56.003 [DefaultQuartzScheduler_Worker-8] DEBUG org.quartz.core.JobRunShell - Calling execute on job DEFAULT.6da64b5bd2ee-0ef70a8b-fee7-4d22-8adc-5e43de181a77
16:50:56.003 [DefaultQuartzScheduler_QuartzSchedulerThread] DEBUG o.quartz.core.QuartzSchedulerThread - batch acquisition of 1 triggers
16:50:56.089 [DefaultQuartzScheduler_QuartzSchedulerThread] DEBUG o.q.simpl.PropertySettingJobFactory - Producing instance of Job &apos;DEFAULT.6da64b5bd2ee-8b10640b-5d96-45eb-bb51-0881e20fa70b&apos;, class=de.spinscale.dropwizard.jobs.EveryTestJob
16:50:56.089 [DefaultQuartzScheduler_Worker-9] DEBUG org.quartz.core.JobRunShell - Calling execute on job DEFAULT.6da64b5bd2ee-8b10640b-5d96-45eb-bb51-0881e20fa70b
16:50:56.090 [DefaultQuartzScheduler_QuartzSchedulerThread] DEBUG o.quartz.core.QuartzSchedulerThread - batch acquisition of 1 triggers
16:50:56.191 [DefaultQuartzScheduler_QuartzSchedulerThread] DEBUG o.q.simpl.PropertySettingJobFactory - Producing instance of Job &apos;DEFAULT.6da64b5bd2ee-65f3bcfa-7a78-47e9-be4f-3fddec2ff91b&apos;, class=de.spinscale.dropwizard.jobs.EveryTestJob
16:50:56.192 [DefaultQuartzScheduler_Worker-10] DEBUG org.quartz.core.JobRunShell - Calling execute on job DEFAULT.6da64b5bd2ee-65f3bcfa-7a78-47e9-be4f-3fddec2ff91b
16:50:56.207 [DefaultQuartzScheduler_QuartzSchedulerThread] DEBUG o.quartz.core.QuartzSchedulerThread - batch acquisition of 1 triggers
</system-out>
  </testcase>
  <testcase time="0.534" classname="de.spinscale.dropwizard.jobs.JobManagerTest" name="jobsOnStoppingShouldBeExecuted"/>
  <testcase time="5.021" classname="de.spinscale.dropwizard.jobs.JobManagerTest" name="jobsWithOnAnnotationShouldBeExecuted"/>
</testsuite>